<?xml version="1.0" encoding="UTF-8"?>
<!-- Generated by org.testng.reporters.JUnitReportReporter -->
<testsuite hostname="LAPTOP-MCC1A0CK" failures="0" tests="5" name="day1.PositiveTest" time="6.630" errors="0" timestamp="09 Nov 2021 10:09:18 GMT" skipped="1">
  <testcase classname="day1.PositiveTest" name="getSpecificContact" time="0.847"/>
  <testcase classname="day1.PositiveTest" name="updateContact" time="1.195"/>
  <testcase classname="day1.PositiveTest" name="deleteSpecificContact" time="0.894"/>
  <testcase classname="day1.PositiveTest" name="addContact" time="3.694"/>
  <testcase classname="day1.PositiveTest" name="getAllContactList">
    <skipped/>
  </testcase> <!-- getAllContactList -->
</testsuite> <!-- day1.PositiveTest -->
